[Thu Feb 23 00:00:00 PST 2017] Darwin HOURLY - nothing
[Thu Feb 23 00:00:00 PST 2017] Darwin DAILY - Copying valet.all.log to Google Drive Archives
[Thu Feb 23 00:00:00 PST 2017] Darwin DAILY - Copying cron log to Google Archives
[Thu Feb 23 00:00:01 PST 2017] Darwin DAILY - Log dir  23M	/Users/joshrogan/Google Drive/Archives/logs/
[Thu Feb 23 00:04:40 PST 2017] Darwin Reboot - nothing
[Thu Feb 23 01:00:00 PST 2017] Darwin HOURLY - nothing
[Thu Feb 23 02:00:00 PST 2017] Darwin HOURLY - nothing
[Thu Feb 23 03:00:00 PST 2017] Darwin HOURLY - nothing
[Thu Feb 23 07:01:58 PST 2017] Darwin HOURLY - nothing
[Thu Feb 23 07:19:25 PST 2017] Darwin Reboot - nothing
[Thu Feb 23 07:20:00 PST 2017] Darwin HOURLY - nothing
[Thu Feb 23 07:21:00 PST 2017] Darwin HOURLY - nothing
[Thu Feb 23 07:22:00 PST 2017] Darwin HOURLY - nothing
[Thu Feb 23 07:23:00 PST 2017] Darwin HOURLY - nothing
[Thu Feb 23 07:24:00 PST 2017] Darwin HOURLY - nothing
[Thu Feb 23 07:25:01 PST 2017] Darwin HOURLY - nothing
[Thu Feb 23 07:26:00 PST 2017] Darwin HOURLY - nothing
[Thu Feb 23 07:27:00 PST 2017] Darwin HOURLY - nothing
[Thu Feb 23 07:28:00 PST 2017] Darwin HOURLY - nothing
[Thu Feb 23 07:29:00 PST 2017] Darwin HOURLY - nothing
[Thu Feb 23 07:30:00 PST 2017] Darwin HOURLY - nothing
[Thu Feb 23 07:31:01 PST 2017] Darwin HOURLY - nothing
[Thu Feb 23 07:32:00 PST 2017] Darwin HOURLY - nothing
[Thu Feb 23 07:33:00 PST 2017] Darwin HOURLY - nothing
[Thu Feb 23 07:34:00 PST 2017] Darwin HOURLY - nothing
[Thu Feb 23 07:35:00 PST 2017] Darwin HOURLY - nothing
[Thu Feb 23 07:36:00 PST 2017] Darwin HOURLY - nothing
[Thu Feb 23 07:37:00 PST 2017] Darwin HOURLY - nothing
[Thu Feb 23 07:38:00 PST 2017] Darwin HOURLY - nothing
[Thu Feb 23 07:39:00 PST 2017] Darwin HOURLY - nothing
[Thu Feb 23 07:40:00 PST 2017] Darwin HOURLY - nothing
[Thu Feb 23 07:41:01 PST 2017] Darwin HOURLY - nothing
[Thu Feb 23 07:42:00 PST 2017] Darwin HOURLY - nothing
[Thu Feb 23 07:43:00 PST 2017] Darwin HOURLY - nothing
[Thu Feb 23 07:44:00 PST 2017] Darwin HOURLY - nothing
[Thu Feb 23 07:45:00 PST 2017] Darwin HOURLY - nothing
[Thu Feb 23 07:46:00 PST 2017] Darwin HOURLY - nothing
[Thu Feb 23 07:47:00 PST 2017] Darwin HOURLY - nothing
[Thu Feb 23 07:48:00 PST 2017] Darwin HOURLY - nothing
[Thu Feb 23 07:49:00 PST 2017] Darwin HOURLY - nothing
[Thu Feb 23 07:50:00 PST 2017] Darwin HOURLY - nothing
[Thu Feb 23 07:51:00 PST 2017] Darwin HOURLY - nothing
[Thu Feb 23 07:52:00 PST 2017] Darwin HOURLY - nothing
[Thu Feb 23 07:53:01 PST 2017] Darwin HOURLY - nothing
[Thu Feb 23 07:54:00 PST 2017] Darwin HOURLY - nothing
[Thu Feb 23 07:55:00 PST 2017] Darwin HOURLY - nothing
[Thu Feb 23 07:56:00 PST 2017] Darwin HOURLY - nothing
[Thu Feb 23 07:57:00 PST 2017] Darwin HOURLY - nothing
